<?xml version="1.0" encoding="UTF-8"?>
<!-- Generated by org.testng.reporters.JUnitXMLReporter -->
<testsuite hostname="DESKTOP-H3S0EED" ignored="1" name="Default test" tests="3" failures="0" timestamp="16 Oct 2023 10:53:18 GMT" time="0.058" errors="0">
  <testcase name="whatisyourname" time="0.014" classname="scamming3.Demo3"/>
  <testcase name="welcomemsg" time="0.002" classname="scamming3.Demo3"/>
  <testcase name="goodmorning" time="0.002" classname="scamming3.Demo3"/>
  <testcase name="whatisyourhobby" time="0.0" classname="scamming3.Demo3">
    <ignored/>
  </testcase> <!-- whatisyourhobby -->
</testsuite> <!-- Default test -->
